SF:C:\Users\Can Ahmed\Desktop\cen429-2025-2026-5-muhammedbesir-velioglu-cpp\ Ahmed\Desktop\cen429-2025-2026-5-muhammedbesir-velioglu-cpp\src\tests\LocalSports\localsports_test.cpp
DA:164,1
DA:165,1
DA:166,1
DA:167,1
DA:168,1
DA:74,1
DA:104,1
DA:133,1
DA:143,1
DA:152,1
DA:160,1
DA:68,1
DA:34,0
DA:60,0
DA:178,1
DA:203,1
DA:224,1
DA:241,1
DA:253,1
DA:266,1
DA:283,1
DA:304,1
DA:335,1
DA:357,1
DA:379,1
DA:401,1
DA:417,1
DA:433,1
DA:454,1
DA:482,1
DA:502,1
DA:526,1
DA:549,1
DA:574,1
DA:601,1
DA:618,1
DA:646,1
DA:663,1
DA:684,1
DA:700,1
DA:716,1
DA:732,1
DA:748,1
DA:764,1
DA:783,1
DA:799,1
DA:817,1
DA:833,1
DA:863,1
DA:879,1
DA:899,1
DA:909,1
DA:919,1
DA:932,1
DA:950,1
DA:963,1
DA:977,1
DA:991,1
DA:1005,1
DA:1024,1
DA:1040,1
DA:1055,1
DA:1068,1
DA:1085,1
DA:1095,1
DA:1107,1
DA:1117,1
DA:1127,1
DA:1141,1
DA:1151,1
DA:1161,1
DA:1171,1
DA:1180,1
DA:1189,1
DA:1204,1
DA:1216,1
DA:1229,1
DA:1241,1
DA:1254,1
DA:1265,1
DA:1278,1
DA:1287,1
DA:1296,1
DA:1313,1
DA:1323,1
DA:1343,1
DA:1353,1
DA:1363,1
DA:1377,1
DA:1387,1
DA:1397,1
DA:1407,1
DA:1417,1
DA:1427,1
DA:1443,1
DA:1453,1
DA:1462,1
DA:1472,1
DA:1482,1
DA:1492,1
DA:1509,1
DA:1519,1
DA:1533,1
DA:1543,1
DA:1558,1
DA:1571,1
DA:1587,1
DA:1603,1
DA:1619,1
DA:1636,1
DA:1652,1
DA:1678,1
DA:1699,1
DA:1726,1
DA:1739,1
DA:1756,1
DA:1771,1
DA:1781,1
DA:1791,1
DA:1805,1
DA:1821,1
DA:1845,1
DA:1866,1
DA:1877,1
DA:1890,1
DA:1903,1
DA:1936,1
DA:1,1
end_of_record
SF:C:\Users\Can Ahmed\Desktop\cen429-2025-2026-5-muhammedbesir-velioglu-cpp\ Ahmed\Desktop\cen429-2025-2026-5-muhammedbesir-velioglu-cpp\src\tests\utility\utility_test.cpp
DA:53,1
DA:59,1
DA:67,1
DA:51,1
DA:44,0
DA:82,1
DA:102,1
DA:120,1
DA:138,1
DA:156,1
DA:174,1
DA:194,1
DA:216,1
DA:235,1
DA:1,1
end_of_record
SF:C:\Users\Can Ahmed\Desktop\cen429-2025-2026-5-muhammedbesir-velioglu-cpp\[generated]
DA:1,0
end_of_record
SF:C:\Users\Can Ahmed\Desktop\cen429-2025-2026-5-muhammedbesir-velioglu-cpp\ Ahmed\Desktop\cen429-2025-2026-5-muhammedbesir-velioglu-cpp\README.md
DA:1,0
end_of_record
SF:C:\Users\Can Ahmed\Desktop\cen429-2025-2026-5-muhammedbesir-velioglu-cpp\test
DA:1,1
end_of_record
